0.08729121783055838
0.02317793367227891
0.0668701340918489
-0.02214483206112924
0.05686817384782278
-0.014321392854957779
0.0689887467219161
0.07667848618383064
0.06532123043368399
-0.020618352558546674
-0.01869317194216103
0.06485989231607614
-0.011334854572803173
-0.01779550302577367
0.06185963883400727
-0.00404288177654754
0.05918590885284448
0.0008487590250201881
0.055462589754782556
0.021486253711640015
-0.014557761377746644
0.03414538599085159
-0.018677472528047946
0.023230895556255324
0.04464600042610183
0.04338593963836997
0.026800202120186398
0.006469715523583993
-0.009332226588789254
-0.018760787784793145
-0.02194117131051601
-0.0224236889120294
-0.0223043285509201
-0.022141964622861766
-0.019580526728463884
-0.013499437798649823
-0.003972785984025249
0.009642921910638425
0.022731189882179377
0.03018121544743917
0.02700022621250489
0.010733512648049877
-0.01516702615630211
-0.015074926359241122
0.027072655722733104
-0.016330670814230515
-0.0074606130012948675
0.021170913208524007
0.013978206064318988
-0.020605247808182264
0.01690219952544863
-0.020207112114262543
0.005429581077115686
0.014439543655746305
-0.021670706813303593
0.015707197896548366
-0.015479029939173779
0.014745869904158137
-0.02090661850107964
0.009856490513514771
-0.007787599603159654
0.008013715523068328
-0.015892045026401024
-0.01845367149170668
0.009118045854383298
-0.019136855123000476
0.001531164564354932
0.0008297107187680286
-0.014725158929846226
0.0034110713467907245
-3.834901975402156e-05
-0.01820238545002265
-0.008650549228443341
0.004029819821947732
-0.019184489484841274
-0.021898950090254627
-0.0038283716911609884
0.002418662074245188
-0.00420527932867721
-0.021769946551307647
-0.022010076830359406
-0.007359927198134468
-0.003536267115753294
-0.0011171607922239818
-0.012255890335855097
-0.013850643818036667
-0.01990113882918373
-0.021023621596072746
-0.009073446162439037
-0.007965483215664522
-0.003746231519637978
-0.0036686292886082307
-0.0049676120072968495
-0.0119074272823248
-0.010885129947384338
-0.01967375386399895
-0.01628013218348223
-0.021520881263503554
-0.019760406394309565
-0.020523082692240124
-0.020762412081443544
-0.02044012929321662
-0.021231794566298638
-0.019707139042162352
-0.02097568882009862
-0.02025472429828822
-0.02122238896622459
-0.020217038812621786
-0.020701646158426092
-0.021344202859258785
-0.019775324430275493
-0.021286155991917955
-0.01838078673379054
-0.020570881415272798
-0.016357174748519457
-0.018714126479918613
-0.014095501830503432
-0.014791809234528849
-0.011218274633093177
-0.011170845923377401
-0.010657804228660821
-0.011918824988457229
-0.012982487251004907
-0.016865418728640943
-0.01711916171869284
-0.021725373393224813
-0.020954497948873798
-0.020140523727845663
-0.01971541195491806
-0.015435909812433297
-0.01414495476880405
-0.012579081711097943
-0.013237189355321222
-0.013860287583782811
-0.018414368228979315
-0.019143770225990425
-0.021486730988583422
-0.02140292608552638
-0.018147625352320524
-0.016711085163451603
-0.013308793174518177
-0.012804018480741922
-0.01435283584665722
-0.01857208548372203
-0.019254493556522454
-0.02157491330205302
-0.02103552054023655
-0.017490512311908478
-0.015832107123743597
-0.014374572708435703
-0.015700276314995678
-0.017246724899719828
-0.021110354554704166
-0.020791627130611133
-0.01874456375996897
-0.01701568475305739
-0.014997965718235954
-0.016570320954099958
-0.01881390873930151
-0.02169393426135954
-0.021625731822709222
-0.01812315292992627
-0.01590691257715971
-0.016784186880792966
-0.01996325654134481
-0.021467317753106244
-0.02038519728513458
-0.01829942062887467
-0.016687982909027465
-0.018601383217058242
-0.020270058221476865
-0.021133148432459916
-0.020004735179595223
-0.0175032599658272
-0.01767800999037557
-0.020176491446054937
-0.021572038276361023
-0.020234915453064786
-0.017575081622663618
-0.018210658464990346
-0.020553315484117
-0.021325676355006432
-0.019269335689853905
-0.01814746345793284
-0.01990335147983322
-0.020830208091625377
-0.020688304974892595
-0.019174368762367194
-0.01832853194442075
-0.02050620775856408
-0.021273327003407533
-0.019945567947994867
-0.018099594902482814
-0.01849257403281844
-0.021471928182935054
-0.021600204638118486
-0.019328712504589955
-0.018382426613215614
-0.01995559404548809
-0.02117511564288999
-0.020410095534211428
-0.018853437064103036
-0.019918941046078775
-0.02120396780359327
-0.020887228104724598
-0.019643874536529604
-0.018684689159229908
-0.020160080758438458
-0.02130970420126212
-0.019893787209869757
-0.018946998663589173
-0.02051557272902097
-0.02175974289610051
-0.02060868544124014
-0.019939080841156757
-0.02046324633496697
-0.021518758602765694
-0.020277740396458903
-0.019263085663312952
-0.020865722309233423
-0.02163630281980927
-0.020994040701790766
-0.01994309761205493
-0.020409699590462824
-0.021402927536597813
-0.020730588606995816
-0.019889727258727063
-0.020503149808188455
-0.021008040281451083
-0.02124040829925153
-0.020965378245319313
-0.020472098365745987
-0.021530844741147675
-0.021053377764179898
-0.02003629106944763
-0.02041824861489651
-0.021646103123130478
-0.02172268873886784
-0.020332271315259595
-0.021447476192865945
-0.021777150282616647
-0.021044011749748348
-0.020033544851352354
-0.020619462646717435
-0.020995312834892785
-0.020865573565021493
-0.020339103024628335
-0.021418305773135592
-0.021874670039878315
-0.020880964468382807
-0.020227830833738195
-0.021285000095530027
-0.021581931718599043
-0.021052906336457292
-0.02105566375008864
-0.021120764840783096
-0.02083860513139077
-0.02068526919695985
-0.021717247297042948
-0.021739390944461007
-0.021362668171621108
-0.020684398524407118
-0.020919085538359514
-0.021402118391102225
-0.020945299948106257
-0.0205442965127419
-0.02173079413868121
-0.021664508489294767
-0.020971875434418696
-0.020707112543109422
-0.02195180570902582
-0.02135765446327039
-0.020586718961424343
-0.021272862540636237
-0.021268345551833146
-0.021254948317127237
-0.02081245882489553
-0.021031917911404706
-0.021452212066120704
-0.020580516843629576
-0.020260440001750164
-0.021306830229005414
-0.021677050146578582
-0.02122820578817179
-0.021048390374175354
-0.021021605320127135
-0.021048539246411962
-0.020923651982451698
-0.021092210603644048
-0.021348704751750235
-0.02091561234690612
-0.02066191013180486
-0.02118564408370001
-0.021202788458049085
-0.020951518986195367
-0.0207731466779648
-0.020984130235458795
-0.021139271500027947
-0.02083045117176425
-0.021167169091829682
-0.02133930477480975
-0.020925275165099563
-0.021056120288169358
-0.020784249599753207
-0.02110585994063459
-0.02136590216759348
-0.02102524587110605
-0.020950394372046783
-0.02119612254594356
-0.02055720149272926
-0.020892997752904124
-0.021255045040845084
-0.020562618351414846
-0.020728863287394525
-0.02117878552931925
-0.020837925005938517
-0.02087528980556428
-0.02054165631967611
-0.021368558225073428
-0.020658136524938447
-0.020105004051782397
-0.02029451001585659
-0.02030347017783191
-0.020007515648145627
-0.020465029350547243
-0.021355821213064636
-0.02078289800191335
-0.021293769292577563
-0.02140244003732542
-0.021277250580026053
-0.020065171000505918
-0.020050424642203142
-0.020844385119513274
-0.020976467951837035
-0.02073111024744489
-0.02074085649217338
-0.021083575580131294
-0.02134957539040513
-0.02130655142471232
-0.02091727547418167
-0.020660050076066326
-0.021338032373765463
-0.021671349429157077
-0.021176450684375583
-0.0212866182554875
-0.021200969055630767
-0.02148621053765784
-0.021470987944192735
-0.021427623073445985
-0.02164149207181467
-0.021607978121451626
-0.021622697829436283
-0.021850788995255707
-0.021862038580010946
-0.021629803350245138
-0.02153282604051737
-0.021605065136627032
-0.02148243932396126
-0.021066337010430487
-0.02116044415945463
-0.021249475141738833
-0.021114839632271443
-0.02144219435202589
-0.021772026789814863
-0.021573013706506196
-0.021929477389969816
-0.021757834397429374
-0.0213793477894635
-0.021578008370919607
-0.021741118245713502
-0.02129297725813087
-0.021138162363985386
-0.02177661902640278
-0.021964180230526795
-0.02157219266966563
-0.021801558046056838
-0.022052271806137884
-0.022071620273634445
-0.021751775446073963
-0.021720476910450176
-0.021544051738048596
-0.02090254267798598
-0.021350479894813874
-0.021829431581939823
-0.02208079187408676
-0.021873799368604743
-0.02160487560918755
-0.021208012788845692
-0.020981371708870687
-0.021195647354008005
-0.021147663973279874
-0.020917247518431402
-0.02170434515024974
-0.021852372885923402
-0.02156863206407752
-0.021484838901878956
-0.02125977254481673
-0.021571201383442956
-0.020828457923835732
-0.021015029259670897
-0.021259159224135838
-0.021383492552926268
-0.021277381025447257
-0.021605811869409595
-0.021748260233358088
-0.021464160999211196
-0.020837648960305686
-0.0212697632963278
-0.021407726213189236
-0.021243666862389418
-0.021092087761096397
-0.021241687694466032
-0.02151047320700797
-0.021123838766408328
-0.021522590271086953
-0.02170787485885116
-0.021505758561431804
-0.02102511393948365
-0.021445253308788936
-0.021161336986597695
-0.020842846303981092
-0.02117629917188628
-0.02141091191540511
-0.021442144387648885
-0.021294483262229328
-0.022041160080364733
-0.021763260393325205
-0.021258651331093312
-0.021219746971300257
-0.021717638623069916
-0.02133882297531749
-0.0217487593709169
-0.021675046312713594
-0.022390998676459353
-0.021554289890702537
-0.021677127654147095
-0.02155332464005664
-0.02215846168015511
-0.021352426488400987
-0.021447711077070587
-0.02179510924868558
-0.021615462831471196
-0.021312308645324924
-0.02132223164205498
-0.021851359198985374
-0.02142501221181436
-0.0214711073721695
-0.021890414647156048
-0.021690179110443283
-0.021170374504472428
-0.021569726824064526
-0.0212481870176062
-0.021048530149578342
-0.020968714908538
-0.021513558652655113
-0.021822275755039894
-0.021947413064010646
-0.021592321855623035
-0.022045197927013937
-0.021809711952595512
-0.021234907732675154
-0.021604813017911374
-0.021518785049896443
-0.021516164538139346
-0.021492435964264398
-0.021906726109579156
-0.021628940556050854
-0.021261418964313286
-0.021804416790875598
-0.021913393407715486
-0.021997818941773113
-0.02172599573813781
-0.021824371868521125
-0.02224715950862397
-0.021828376450186707
-0.021727708461007418
-0.02243387162561621
-0.02209997182620474
-0.021498186531438875
-0.021910218360384762
-0.022219689794841922
-0.021926694869785386
-0.02188950525460507
-0.021845204991615706
-0.02172595787392666
-0.021347788259058812
-0.021647184980187653
-0.02171316060316173
-0.021485483727461868
-0.021988938082292343
-0.02211659999252104
-0.022300255466085522
-0.02192818056572524
-0.022282276741717108
-0.02216185917025318
-0.021959883985380638
-0.022354683878647967
-0.02171096946524844
-0.02220206523350349
-0.02190875500125957
-0.02154791270395781
